  [1m[36m (1.7ms)[0m  [1mCREATE TABLE "schema_migrations" ("version" varchar NOT NULL) [0m
  [1m[35m (23.5ms)[0m  select sqlite_version(*)
  [1m[36m (1.9ms)[0m  [1mCREATE UNIQUE INDEX "unique_schema_migrations" ON "schema_migrations" ("version")[0m
  [1m[35mActiveRecord::SchemaMigration Load (0.2ms)[0m  SELECT "schema_migrations".* FROM "schema_migrations"
Migrating to DeviseCreateUsers (20150605015008)
  [1m[36m (0.2ms)[0m  [1mbegin transaction[0m
  [1m[35m (1.2ms)[0m  CREATE TABLE "users" ("id" INTEGER PRIMARY KEY AUTOINCREMENT NOT NULL, "email" varchar DEFAULT '' NOT NULL, "encrypted_password" varchar DEFAULT '' NOT NULL, "reset_password_token" varchar, "reset_password_sent_at" datetime, "remember_created_at" datetime, "sign_in_count" integer DEFAULT 0 NOT NULL, "current_sign_in_at" datetime, "last_sign_in_at" datetime, "current_sign_in_ip" varchar, "last_sign_in_ip" varchar, "created_at" datetime NOT NULL, "updated_at" datetime NOT NULL) 
  [1m[36m (31.1ms)[0m  [1mCREATE UNIQUE INDEX "index_users_on_email" ON "users" ("email")[0m
  [1m[35m (0.1ms)[0m              SELECT sql
            FROM sqlite_master
            WHERE name='index_users_on_email' AND type='index'
            UNION ALL
            SELECT sql
            FROM sqlite_temp_master
            WHERE name='index_users_on_email' AND type='index'

  [1m[36m (0.3ms)[0m  [1mCREATE UNIQUE INDEX "index_users_on_reset_password_token" ON "users" ("reset_password_token")[0m
  [1m[35mSQL (0.3ms)[0m  INSERT INTO "schema_migrations" ("version") VALUES (?)  [["version", "20150605015008"]]
  [1m[36m (1.9ms)[0m  [1mcommit transaction[0m
  [1m[35mActiveRecord::SchemaMigration Load (0.2ms)[0m  SELECT "schema_migrations".* FROM "schema_migrations"
  [1m[36m (0.2ms)[0m  [1m            SELECT sql
            FROM sqlite_master
            WHERE name='index_users_on_reset_password_token' AND type='index'
            UNION ALL
            SELECT sql
            FROM sqlite_temp_master
            WHERE name='index_users_on_reset_password_token' AND type='index'
[0m
  [1m[35m (0.4ms)[0m              SELECT sql
            FROM sqlite_master
            WHERE name='index_users_on_email' AND type='index'
            UNION ALL
            SELECT sql
            FROM sqlite_temp_master
            WHERE name='index_users_on_email' AND type='index'



Started GET "/" for ::1 at 2015-06-04 21:51:21 -0400
  [1m[36mActiveRecord::SchemaMigration Load (0.5ms)[0m  [1mSELECT "schema_migrations".* FROM "schema_migrations"[0m
Processing by PagesController#home as HTML
  Rendered pages/home.html.erb within layouts/application (3.7ms)
Completed 200 OK in 5365ms (Views: 4981.7ms | ActiveRecord: 0.0ms)


Started GET "/assets/application.self-3b8dabdc891efe46b9a144b400ad69e37d7e5876bdc39dee783419a69d7ca819.js?body=1" for ::1 at 2015-06-04 21:51:26 -0400


Started GET "/assets/pages.self-877aef30ae1b040ab8a3aba4e3e309a11d7f2612f44dde450b5c157aa5f95c05.js?body=1" for ::1 at 2015-06-04 21:51:26 -0400


Started GET "/assets/pages.self-e3b0c44298fc1c149afbf4c8996fb92427ae41e4649b934ca495991b7852b855.css?body=1" for ::1 at 2015-06-04 21:51:26 -0400


Started GET "/" for ::1 at 2015-06-04 21:53:21 -0400
Processing by PagesController#home as HTML
  Rendered pages/home.html.erb within layouts/application (4.2ms)
Completed 200 OK in 511ms (Views: 510.3ms | ActiveRecord: 0.0ms)


Started GET "/assets/application.self-e80e8f2318043e8af94dddc2adad5a4f09739a8ebb323b3ab31cd71d45fd9113.css?body=1" for ::1 at 2015-06-04 21:53:22 -0400


Started GET "/assets/jquery.self-d03a5518f45df77341bdbe6201ba3bfa547ebba8ed64f0ea56bfa5f96ea7c074.js?body=1" for ::1 at 2015-06-04 21:53:22 -0400


Started GET "/assets/pages.self-877aef30ae1b040ab8a3aba4e3e309a11d7f2612f44dde450b5c157aa5f95c05.js?body=1" for ::1 at 2015-06-04 21:53:22 -0400


Started GET "/assets/jquery_ujs.self-8e98a7a072a6cee1372d19fff9ff3e6aa1e39a37d89d6f06861637d061113ee7.js?body=1" for ::1 at 2015-06-04 21:53:22 -0400


Started GET "/assets/turbolinks.self-c37727e9bd6b2735da5c311aa83fead54ed0be6cc8bd9a65309e9c5abe2cbfff.js?body=1" for ::1 at 2015-06-04 21:53:22 -0400


Started GET "/assets/pages.self-e3b0c44298fc1c149afbf4c8996fb92427ae41e4649b934ca495991b7852b855.css?body=1" for ::1 at 2015-06-04 21:53:22 -0400


Started GET "/assets/application.self-3b8dabdc891efe46b9a144b400ad69e37d7e5876bdc39dee783419a69d7ca819.js?body=1" for ::1 at 2015-06-04 21:53:22 -0400


Started GET "/users/sign_in" for ::1 at 2015-06-04 21:53:29 -0400
Processing by Devise::SessionsController#new as HTML
  Rendered devise/shared/_links.html.erb (3.2ms)
  Rendered devise/sessions/new.html.erb within layouts/application (298.3ms)
Completed 200 OK in 432ms (Views: 382.6ms | ActiveRecord: 0.7ms)


Started GET "/users/sign_up" for ::1 at 2015-06-04 21:53:33 -0400
Processing by Devise::RegistrationsController#new as HTML
  Rendered devise/shared/_links.html.erb (0.6ms)
  Rendered devise/registrations/new.html.erb within layouts/application (7.6ms)
Completed 200 OK in 78ms (Views: 76.1ms | ActiveRecord: 0.0ms)


Started POST "/users" for ::1 at 2015-06-04 21:53:56 -0400
Processing by Devise::RegistrationsController#create as HTML
  Parameters: {"utf8"=>"✓", "authenticity_token"=>"On9MHRs1skx+FCCgoA4OHnfNuZaiVT9T9M0ZTptlteAywRLYco0vFtoPE8wDuRl/UBlesgA1NdSbmpkblhxqGA==", "user"=>{"email"=>"name@name.com", "password"=>"[FILTERED]", "password_confirmation"=>"[FILTERED]"}, "commit"=>"Sign up"}
  [1m[35m (0.2ms)[0m  begin transaction
  [1m[36mUser Exists (19.9ms)[0m  [1mSELECT  1 AS one FROM "users" WHERE "users"."email" = 'name@name.com' LIMIT 1[0m
  [1m[35mSQL (1.3ms)[0m  INSERT INTO "users" ("email", "encrypted_password", "created_at", "updated_at") VALUES (?, ?, ?, ?)  [["email", "name@name.com"], ["encrypted_password", "$2a$10$8v9MI/s/hBTxJbugrB8ui.K/PvHkWM6m5yFEX0eQkc4fh.p1bAlRy"], ["created_at", "2015-06-05 01:53:56.629395"], ["updated_at", "2015-06-05 01:53:56.629395"]]
  [1m[36m (15.2ms)[0m  [1mcommit transaction[0m
  [1m[35m (0.1ms)[0m  begin transaction
  [1m[36mSQL (0.5ms)[0m  [1mUPDATE "users" SET "last_sign_in_at" = ?, "current_sign_in_at" = ?, "last_sign_in_ip" = ?, "current_sign_in_ip" = ?, "sign_in_count" = ?, "updated_at" = ? WHERE "users"."id" = ?[0m  [["last_sign_in_at", "2015-06-05 01:53:56.651197"], ["current_sign_in_at", "2015-06-05 01:53:56.651197"], ["last_sign_in_ip", "::1"], ["current_sign_in_ip", "::1"], ["sign_in_count", 1], ["updated_at", "2015-06-05 01:53:56.652497"], ["id", 1]]
  [1m[35m (1.2ms)[0m  commit transaction
Redirected to http://localhost:3000/
Completed 302 Found in 267ms (ActiveRecord: 38.3ms)


Started GET "/" for ::1 at 2015-06-04 21:53:56 -0400
Processing by PagesController#home as HTML
  Rendered pages/home.html.erb within layouts/application (0.6ms)
Completed 200 OK in 125ms (Views: 123.6ms | ActiveRecord: 0.0ms)


Started GET "/users/edit" for ::1 at 2015-06-04 21:54:00 -0400
Processing by Devise::RegistrationsController#edit as HTML
  [1m[36mUser Load (0.3ms)[0m  [1mSELECT  "users".* FROM "users" WHERE "users"."id" = ?  ORDER BY "users"."id" ASC LIMIT 1[0m  [["id", 1]]
  Rendered devise/registrations/edit.html.erb within layouts/application (5.6ms)
Completed 200 OK in 137ms (Views: 133.9ms | ActiveRecord: 0.3ms)


Started GET "/" for ::1 at 2015-06-04 21:54:05 -0400
Processing by PagesController#home as HTML
  Rendered pages/home.html.erb within layouts/application (1.9ms)
Completed 200 OK in 87ms (Views: 85.6ms | ActiveRecord: 0.0ms)


Started GET "/" for ::1 at 2015-06-04 21:59:15 -0400
  [1m[36mActiveRecord::SchemaMigration Load (0.5ms)[0m  [1mSELECT "schema_migrations".* FROM "schema_migrations"[0m
Processing by PagesController#home as HTML
  Rendered pages/home.html.erb within layouts/application (4.4ms)
Completed 200 OK in 8373ms (Views: 8332.4ms | ActiveRecord: 0.0ms)


Started GET "/assets/jquery.self-d03a5518f45df77341bdbe6201ba3bfa547ebba8ed64f0ea56bfa5f96ea7c074.js?body=1" for ::1 at 2015-06-04 21:59:23 -0400


Started GET "/assets/pages.self-0a2f5e8f4a42e49edff09f22aedf7a75d702f3a31d08c00086326000150fbe98.css?body=1" for ::1 at 2015-06-04 21:59:23 -0400


Started GET "/assets/application.self-e80e8f2318043e8af94dddc2adad5a4f09739a8ebb323b3ab31cd71d45fd9113.css?body=1" for ::1 at 2015-06-04 21:59:23 -0400


Started GET "/assets/turbolinks.self-c37727e9bd6b2735da5c311aa83fead54ed0be6cc8bd9a65309e9c5abe2cbfff.js?body=1" for ::1 at 2015-06-04 21:59:23 -0400


Started GET "/assets/jquery_ujs.self-8e98a7a072a6cee1372d19fff9ff3e6aa1e39a37d89d6f06861637d061113ee7.js?body=1" for ::1 at 2015-06-04 21:59:23 -0400


Started GET "/assets/bootstrap.self-2bbd2c0465f01b1f8270958ddfc2e62a08915f295a35d22df2971eb936cf3c64.js?body=1" for ::1 at 2015-06-04 21:59:23 -0400


Started GET "/assets/pages.self-877aef30ae1b040ab8a3aba4e3e309a11d7f2612f44dde450b5c157aa5f95c05.js?body=1" for ::1 at 2015-06-04 21:59:23 -0400


Started GET "/assets/application.self-f8806224e027f3e3f0138ea9ce99319e298dfdb323304d1f1be6eae8e8c74724.js?body=1" for ::1 at 2015-06-04 21:59:23 -0400


Started GET "/" for ::1 at 2015-06-04 22:00:39 -0400
Processing by PagesController#home as HTML
  Rendered pages/home.html.erb within layouts/application (2.9ms)
Completed 200 OK in 551ms (Views: 549.2ms | ActiveRecord: 0.0ms)


Started GET "/assets/pages.self-0a2f5e8f4a42e49edff09f22aedf7a75d702f3a31d08c00086326000150fbe98.css?body=1" for ::1 at 2015-06-04 22:00:40 -0400


Started GET "/assets/application.self-e80e8f2318043e8af94dddc2adad5a4f09739a8ebb323b3ab31cd71d45fd9113.css?body=1" for ::1 at 2015-06-04 22:00:40 -0400


Started GET "/assets/turbolinks.self-c37727e9bd6b2735da5c311aa83fead54ed0be6cc8bd9a65309e9c5abe2cbfff.js?body=1" for ::1 at 2015-06-04 22:00:40 -0400


Started GET "/assets/bootstrap.self-2bbd2c0465f01b1f8270958ddfc2e62a08915f295a35d22df2971eb936cf3c64.js?body=1" for ::1 at 2015-06-04 22:00:40 -0400


Started GET "/assets/jquery.self-d03a5518f45df77341bdbe6201ba3bfa547ebba8ed64f0ea56bfa5f96ea7c074.js?body=1" for ::1 at 2015-06-04 22:00:40 -0400


Started GET "/assets/pages.self-877aef30ae1b040ab8a3aba4e3e309a11d7f2612f44dde450b5c157aa5f95c05.js?body=1" for ::1 at 2015-06-04 22:00:40 -0400


Started GET "/assets/jquery_ujs.self-8e98a7a072a6cee1372d19fff9ff3e6aa1e39a37d89d6f06861637d061113ee7.js?body=1" for ::1 at 2015-06-04 22:00:40 -0400


Started GET "/assets/application.self-f8806224e027f3e3f0138ea9ce99319e298dfdb323304d1f1be6eae8e8c74724.js?body=1" for ::1 at 2015-06-04 22:00:40 -0400


Started GET "/users/edit" for ::1 at 2015-06-04 22:03:28 -0400
Processing by Devise::RegistrationsController#edit as HTML
  [1m[35mUser Load (13.3ms)[0m  SELECT  "users".* FROM "users" WHERE "users"."id" = ?  ORDER BY "users"."id" ASC LIMIT 1  [["id", 1]]
  Rendered devise/registrations/edit.html.erb within layouts/application (458.8ms)
Completed 200 OK in 1448ms (Views: 977.9ms | ActiveRecord: 15.4ms)


Started GET "/" for ::1 at 2015-06-04 22:04:45 -0400
Processing by PagesController#home as HTML
  Rendered pages/home.html.erb within layouts/application (0.8ms)
Completed 200 OK in 445ms (Views: 444.2ms | ActiveRecord: 0.0ms)


Started GET "/assets/pages.self-0a2f5e8f4a42e49edff09f22aedf7a75d702f3a31d08c00086326000150fbe98.css?body=1" for ::1 at 2015-06-04 22:04:46 -0400


Started GET "/assets/application.self-e80e8f2318043e8af94dddc2adad5a4f09739a8ebb323b3ab31cd71d45fd9113.css?body=1" for ::1 at 2015-06-04 22:04:46 -0400


Started GET "/assets/turbolinks.self-c37727e9bd6b2735da5c311aa83fead54ed0be6cc8bd9a65309e9c5abe2cbfff.js?body=1" for ::1 at 2015-06-04 22:04:46 -0400


Started GET "/assets/bootstrap.self-2bbd2c0465f01b1f8270958ddfc2e62a08915f295a35d22df2971eb936cf3c64.js?body=1" for ::1 at 2015-06-04 22:04:46 -0400


Started GET "/assets/jquery.self-d03a5518f45df77341bdbe6201ba3bfa547ebba8ed64f0ea56bfa5f96ea7c074.js?body=1" for ::1 at 2015-06-04 22:04:46 -0400


Started GET "/assets/jquery_ujs.self-8e98a7a072a6cee1372d19fff9ff3e6aa1e39a37d89d6f06861637d061113ee7.js?body=1" for ::1 at 2015-06-04 22:04:46 -0400


Started GET "/assets/pages.self-877aef30ae1b040ab8a3aba4e3e309a11d7f2612f44dde450b5c157aa5f95c05.js?body=1" for ::1 at 2015-06-04 22:04:46 -0400


Started GET "/assets/application.self-f8806224e027f3e3f0138ea9ce99319e298dfdb323304d1f1be6eae8e8c74724.js?body=1" for ::1 at 2015-06-04 22:04:46 -0400


Started GET "/" for ::1 at 2015-06-04 22:06:16 -0400
Processing by PagesController#home as HTML
  Rendered pages/home.html.erb within layouts/application (1.8ms)
Completed 200 OK in 456ms (Views: 455.3ms | ActiveRecord: 0.0ms)


Started GET "/assets/application.self-e80e8f2318043e8af94dddc2adad5a4f09739a8ebb323b3ab31cd71d45fd9113.css?body=1" for ::1 at 2015-06-04 22:06:17 -0400


Started GET "/assets/jquery.self-d03a5518f45df77341bdbe6201ba3bfa547ebba8ed64f0ea56bfa5f96ea7c074.js?body=1" for ::1 at 2015-06-04 22:06:17 -0400


Started GET "/assets/bootstrap.self-2bbd2c0465f01b1f8270958ddfc2e62a08915f295a35d22df2971eb936cf3c64.js?body=1" for ::1 at 2015-06-04 22:06:17 -0400


Started GET "/assets/jquery_ujs.self-8e98a7a072a6cee1372d19fff9ff3e6aa1e39a37d89d6f06861637d061113ee7.js?body=1" for ::1 at 2015-06-04 22:06:17 -0400


Started GET "/assets/turbolinks.self-c37727e9bd6b2735da5c311aa83fead54ed0be6cc8bd9a65309e9c5abe2cbfff.js?body=1" for ::1 at 2015-06-04 22:06:17 -0400


Started GET "/assets/pages.self-0a2f5e8f4a42e49edff09f22aedf7a75d702f3a31d08c00086326000150fbe98.css?body=1" for ::1 at 2015-06-04 22:06:17 -0400


Started GET "/assets/pages.self-877aef30ae1b040ab8a3aba4e3e309a11d7f2612f44dde450b5c157aa5f95c05.js?body=1" for ::1 at 2015-06-04 22:06:17 -0400


Started GET "/assets/application.self-f8806224e027f3e3f0138ea9ce99319e298dfdb323304d1f1be6eae8e8c74724.js?body=1" for ::1 at 2015-06-04 22:06:17 -0400


Started GET "/" for ::1 at 2015-06-04 22:07:11 -0400
Processing by PagesController#home as HTML
  Rendered pages/home.html.erb within layouts/application (2.0ms)
Completed 500 Internal Server Error in 30ms (ActiveRecord: 0.0ms)

SyntaxError (/Users/courtneylee/Documents/bitmaker_labs/final/heyu4/app/views/pages/home.html.erb:6: syntax error, unexpected ')'
... In", new_user_session_path,  );@output_buffer.safe_append='
...                               ^
/Users/courtneylee/Documents/bitmaker_labs/final/heyu4/app/views/pages/home.html.erb:8: syntax error, unexpected ')'
..., new_user_registration_path, );@output_buffer.safe_append='
...                               ^
/Users/courtneylee/Documents/bitmaker_labs/final/heyu4/app/views/pages/home.html.erb:13: syntax error, unexpected ')'
...edit_user_registration_path,  );@output_buffer.safe_append='
...                               ^
/Users/courtneylee/Documents/bitmaker_labs/final/heyu4/app/views/pages/home.html.erb:17: syntax error, unexpected keyword_ensure, expecting ')'
/Users/courtneylee/Documents/bitmaker_labs/final/heyu4/app/views/pages/home.html.erb:19: syntax error, unexpected keyword_end, expecting ')'):
  app/views/pages/home.html.erb:6: syntax error, unexpected ')'
  app/views/pages/home.html.erb:8: syntax error, unexpected ')'
  app/views/pages/home.html.erb:13: syntax error, unexpected ')'
  app/views/pages/home.html.erb:17: syntax error, unexpected keyword_ensure, expecting ')'
  app/views/pages/home.html.erb:19: syntax error, unexpected keyword_end, expecting ')'


  Rendered /Users/courtneylee/.rbenv/versions/2.2.1/lib/ruby/gems/2.2.0/gems/actionpack-4.2.1/lib/action_dispatch/middleware/templates/rescues/_source.erb (19.1ms)
  Rendered /Users/courtneylee/.rbenv/versions/2.2.1/lib/ruby/gems/2.2.0/gems/actionpack-4.2.1/lib/action_dispatch/middleware/templates/rescues/_trace.html.erb (9.0ms)
  Rendered /Users/courtneylee/.rbenv/versions/2.2.1/lib/ruby/gems/2.2.0/gems/actionpack-4.2.1/lib/action_dispatch/middleware/templates/rescues/_request_and_response.html.erb (1.9ms)
  Rendered /Users/courtneylee/.rbenv/versions/2.2.1/lib/ruby/gems/2.2.0/gems/actionpack-4.2.1/lib/action_dispatch/middleware/templates/rescues/diagnostics.html.erb within rescues/layout (196.7ms)
  Rendered /Users/courtneylee/.rbenv/versions/2.2.1/lib/ruby/gems/2.2.0/gems/web-console-2.1.2/lib/web_console/templates/_markup.html.erb (1.0ms)
  Rendered /Users/courtneylee/.rbenv/versions/2.2.1/lib/ruby/gems/2.2.0/gems/web-console-2.1.2/lib/web_console/templates/style.css.erb within layouts/inlined_string (0.7ms)
  Rendered /Users/courtneylee/.rbenv/versions/2.2.1/lib/ruby/gems/2.2.0/gems/web-console-2.1.2/lib/web_console/templates/_inner_console_markup.html.erb within layouts/inlined_string (0.6ms)
  Rendered /Users/courtneylee/.rbenv/versions/2.2.1/lib/ruby/gems/2.2.0/gems/web-console-2.1.2/lib/web_console/templates/_prompt_box_markup.html.erb within layouts/inlined_string (0.8ms)
  Rendered /Users/courtneylee/.rbenv/versions/2.2.1/lib/ruby/gems/2.2.0/gems/web-console-2.1.2/lib/web_console/templates/console.js.erb within layouts/javascript (154.5ms)
  Rendered /Users/courtneylee/.rbenv/versions/2.2.1/lib/ruby/gems/2.2.0/gems/web-console-2.1.2/lib/web_console/templates/main.js.erb within layouts/javascript (0.5ms)
  Rendered /Users/courtneylee/.rbenv/versions/2.2.1/lib/ruby/gems/2.2.0/gems/web-console-2.1.2/lib/web_console/templates/error_page.js.erb within layouts/javascript (1.5ms)
  Rendered /Users/courtneylee/.rbenv/versions/2.2.1/lib/ruby/gems/2.2.0/gems/web-console-2.1.2/lib/web_console/templates/index.html.erb (425.1ms)


Started GET "/" for ::1 at 2015-06-04 22:07:36 -0400
Processing by PagesController#home as HTML
  Rendered pages/home.html.erb within layouts/application (1.6ms)
Completed 200 OK in 438ms (Views: 436.9ms | ActiveRecord: 0.0ms)


Started GET "/assets/application.self-e80e8f2318043e8af94dddc2adad5a4f09739a8ebb323b3ab31cd71d45fd9113.css?body=1" for ::1 at 2015-06-04 22:07:37 -0400


Started GET "/assets/turbolinks.self-c37727e9bd6b2735da5c311aa83fead54ed0be6cc8bd9a65309e9c5abe2cbfff.js?body=1" for ::1 at 2015-06-04 22:07:37 -0400


Started GET "/assets/jquery.self-d03a5518f45df77341bdbe6201ba3bfa547ebba8ed64f0ea56bfa5f96ea7c074.js?body=1" for ::1 at 2015-06-04 22:07:37 -0400


Started GET "/assets/jquery_ujs.self-8e98a7a072a6cee1372d19fff9ff3e6aa1e39a37d89d6f06861637d061113ee7.js?body=1" for ::1 at 2015-06-04 22:07:37 -0400


Started GET "/assets/bootstrap.self-2bbd2c0465f01b1f8270958ddfc2e62a08915f295a35d22df2971eb936cf3c64.js?body=1" for ::1 at 2015-06-04 22:07:37 -0400


Started GET "/assets/pages.self-877aef30ae1b040ab8a3aba4e3e309a11d7f2612f44dde450b5c157aa5f95c05.js?body=1" for ::1 at 2015-06-04 22:07:37 -0400


Started GET "/assets/application.self-f8806224e027f3e3f0138ea9ce99319e298dfdb323304d1f1be6eae8e8c74724.js?body=1" for ::1 at 2015-06-04 22:07:37 -0400


Started GET "/assets/pages.self-0a2f5e8f4a42e49edff09f22aedf7a75d702f3a31d08c00086326000150fbe98.css?body=1" for ::1 at 2015-06-04 22:07:37 -0400


Started GET "/" for ::1 at 2015-06-04 22:08:34 -0400
Processing by PagesController#home as HTML
  Rendered pages/home.html.erb within layouts/application (1.5ms)
Completed 200 OK in 110ms (Views: 109.4ms | ActiveRecord: 0.0ms)


Started GET "/assets/pages.self-0a2f5e8f4a42e49edff09f22aedf7a75d702f3a31d08c00086326000150fbe98.css?body=1" for ::1 at 2015-06-04 22:08:34 -0400


Started GET "/assets/application.self-e80e8f2318043e8af94dddc2adad5a4f09739a8ebb323b3ab31cd71d45fd9113.css?body=1" for ::1 at 2015-06-04 22:08:35 -0400


Started GET "/assets/jquery_ujs.self-8e98a7a072a6cee1372d19fff9ff3e6aa1e39a37d89d6f06861637d061113ee7.js?body=1" for ::1 at 2015-06-04 22:08:35 -0400


Started GET "/assets/jquery.self-d03a5518f45df77341bdbe6201ba3bfa547ebba8ed64f0ea56bfa5f96ea7c074.js?body=1" for ::1 at 2015-06-04 22:08:35 -0400


Started GET "/assets/bootstrap.self-2bbd2c0465f01b1f8270958ddfc2e62a08915f295a35d22df2971eb936cf3c64.js?body=1" for ::1 at 2015-06-04 22:08:35 -0400


Started GET "/assets/turbolinks.self-c37727e9bd6b2735da5c311aa83fead54ed0be6cc8bd9a65309e9c5abe2cbfff.js?body=1" for ::1 at 2015-06-04 22:08:35 -0400


Started GET "/assets/pages.self-877aef30ae1b040ab8a3aba4e3e309a11d7f2612f44dde450b5c157aa5f95c05.js?body=1" for ::1 at 2015-06-04 22:08:35 -0400


Started GET "/assets/application.self-f8806224e027f3e3f0138ea9ce99319e298dfdb323304d1f1be6eae8e8c74724.js?body=1" for ::1 at 2015-06-04 22:08:35 -0400


Started GET "/" for ::1 at 2015-06-04 22:08:55 -0400
Processing by PagesController#home as HTML
  Rendered pages/home.html.erb within layouts/application (1.5ms)
Completed 200 OK in 194ms (Views: 192.5ms | ActiveRecord: 0.0ms)


Started GET "/assets/application.self-e80e8f2318043e8af94dddc2adad5a4f09739a8ebb323b3ab31cd71d45fd9113.css?body=1" for ::1 at 2015-06-04 22:08:55 -0400


Started GET "/assets/jquery_ujs.self-8e98a7a072a6cee1372d19fff9ff3e6aa1e39a37d89d6f06861637d061113ee7.js?body=1" for ::1 at 2015-06-04 22:08:55 -0400


Started GET "/assets/application.self-f8806224e027f3e3f0138ea9ce99319e298dfdb323304d1f1be6eae8e8c74724.js?body=1" for ::1 at 2015-06-04 22:08:55 -0400


Started GET "/assets/turbolinks.self-c37727e9bd6b2735da5c311aa83fead54ed0be6cc8bd9a65309e9c5abe2cbfff.js?body=1" for ::1 at 2015-06-04 22:08:55 -0400


Started GET "/assets/bootstrap.self-2bbd2c0465f01b1f8270958ddfc2e62a08915f295a35d22df2971eb936cf3c64.js?body=1" for ::1 at 2015-06-04 22:08:55 -0400


Started GET "/assets/jquery.self-d03a5518f45df77341bdbe6201ba3bfa547ebba8ed64f0ea56bfa5f96ea7c074.js?body=1" for ::1 at 2015-06-04 22:08:55 -0400


Started GET "/assets/pages.self-0a2f5e8f4a42e49edff09f22aedf7a75d702f3a31d08c00086326000150fbe98.css?body=1" for ::1 at 2015-06-04 22:08:55 -0400


Started GET "/assets/pages.self-877aef30ae1b040ab8a3aba4e3e309a11d7f2612f44dde450b5c157aa5f95c05.js?body=1" for ::1 at 2015-06-04 22:08:55 -0400


Started GET "/" for ::1 at 2015-06-04 22:09:36 -0400
Processing by PagesController#home as HTML
  Rendered pages/home.html.erb within layouts/application (0.6ms)
Completed 200 OK in 3738ms (Views: 3737.6ms | ActiveRecord: 0.0ms)


Started GET "/assets/jquery.self-d03a5518f45df77341bdbe6201ba3bfa547ebba8ed64f0ea56bfa5f96ea7c074.js?body=1" for ::1 at 2015-06-04 22:09:40 -0400


Started GET "/assets/jquery_ujs.self-8e98a7a072a6cee1372d19fff9ff3e6aa1e39a37d89d6f06861637d061113ee7.js?body=1" for ::1 at 2015-06-04 22:09:40 -0400


Started GET "/assets/bootstrap.self-2bbd2c0465f01b1f8270958ddfc2e62a08915f295a35d22df2971eb936cf3c64.js?body=1" for ::1 at 2015-06-04 22:09:40 -0400


Started GET "/assets/turbolinks.self-c37727e9bd6b2735da5c311aa83fead54ed0be6cc8bd9a65309e9c5abe2cbfff.js?body=1" for ::1 at 2015-06-04 22:09:40 -0400


Started GET "/assets/application.self-e80e8f2318043e8af94dddc2adad5a4f09739a8ebb323b3ab31cd71d45fd9113.css?body=1" for ::1 at 2015-06-04 22:09:40 -0400


Started GET "/assets/pages.self-877aef30ae1b040ab8a3aba4e3e309a11d7f2612f44dde450b5c157aa5f95c05.js?body=1" for ::1 at 2015-06-04 22:09:40 -0400


Started GET "/assets/application.self-f8806224e027f3e3f0138ea9ce99319e298dfdb323304d1f1be6eae8e8c74724.js?body=1" for ::1 at 2015-06-04 22:09:40 -0400


Started GET "/assets/pages.self-2b4f321367e5f87f45daca20931212270c870663399e3d2c32282aa601390dc4.css?body=1" for ::1 at 2015-06-04 22:09:40 -0400


Started GET "/" for ::1 at 2015-06-04 22:10:51 -0400
Processing by PagesController#home as HTML
  Rendered pages/home.html.erb within layouts/application (1.5ms)
Completed 200 OK in 3811ms (Views: 3810.7ms | ActiveRecord: 0.0ms)


Started GET "/assets/jquery.self-d03a5518f45df77341bdbe6201ba3bfa547ebba8ed64f0ea56bfa5f96ea7c074.js?body=1" for ::1 at 2015-06-04 22:10:55 -0400


Started GET "/assets/application.self-e80e8f2318043e8af94dddc2adad5a4f09739a8ebb323b3ab31cd71d45fd9113.css?body=1" for ::1 at 2015-06-04 22:10:55 -0400


Started GET "/assets/jquery_ujs.self-8e98a7a072a6cee1372d19fff9ff3e6aa1e39a37d89d6f06861637d061113ee7.js?body=1" for ::1 at 2015-06-04 22:10:55 -0400


Started GET "/assets/bootstrap.self-2bbd2c0465f01b1f8270958ddfc2e62a08915f295a35d22df2971eb936cf3c64.js?body=1" for ::1 at 2015-06-04 22:10:55 -0400


Started GET "/assets/turbolinks.self-c37727e9bd6b2735da5c311aa83fead54ed0be6cc8bd9a65309e9c5abe2cbfff.js?body=1" for ::1 at 2015-06-04 22:10:55 -0400


Started GET "/assets/pages.self-877aef30ae1b040ab8a3aba4e3e309a11d7f2612f44dde450b5c157aa5f95c05.js?body=1" for ::1 at 2015-06-04 22:10:55 -0400


Started GET "/assets/pages.self-2b4f321367e5f87f45daca20931212270c870663399e3d2c32282aa601390dc4.css?body=1" for ::1 at 2015-06-04 22:10:55 -0400


Started GET "/assets/application.self-f8806224e027f3e3f0138ea9ce99319e298dfdb323304d1f1be6eae8e8c74724.js?body=1" for ::1 at 2015-06-04 22:10:55 -0400


Started GET "/" for ::1 at 2015-06-04 22:13:14 -0400
Processing by PagesController#home as HTML
  Rendered pages/home.html.erb within layouts/application (1.7ms)
Completed 200 OK in 478ms (Views: 473.4ms | ActiveRecord: 0.0ms)


Started GET "/assets/application.self-e80e8f2318043e8af94dddc2adad5a4f09739a8ebb323b3ab31cd71d45fd9113.css?body=1" for ::1 at 2015-06-04 22:13:14 -0400


Started GET "/assets/jquery_ujs.self-8e98a7a072a6cee1372d19fff9ff3e6aa1e39a37d89d6f06861637d061113ee7.js?body=1" for ::1 at 2015-06-04 22:13:14 -0400


Started GET "/assets/bootstrap.self-2bbd2c0465f01b1f8270958ddfc2e62a08915f295a35d22df2971eb936cf3c64.js?body=1" for ::1 at 2015-06-04 22:13:14 -0400


Started GET "/assets/turbolinks.self-c37727e9bd6b2735da5c311aa83fead54ed0be6cc8bd9a65309e9c5abe2cbfff.js?body=1" for ::1 at 2015-06-04 22:13:14 -0400


Started GET "/assets/jquery.self-d03a5518f45df77341bdbe6201ba3bfa547ebba8ed64f0ea56bfa5f96ea7c074.js?body=1" for ::1 at 2015-06-04 22:13:14 -0400


Started GET "/assets/pages.self-877aef30ae1b040ab8a3aba4e3e309a11d7f2612f44dde450b5c157aa5f95c05.js?body=1" for ::1 at 2015-06-04 22:13:14 -0400


Started GET "/assets/application.self-f8806224e027f3e3f0138ea9ce99319e298dfdb323304d1f1be6eae8e8c74724.js?body=1" for ::1 at 2015-06-04 22:13:14 -0400


Started GET "/assets/pages.self-2b4f321367e5f87f45daca20931212270c870663399e3d2c32282aa601390dc4.css?body=1" for ::1 at 2015-06-04 22:13:14 -0400


Started GET "/" for ::1 at 2015-06-04 22:15:12 -0400
Processing by PagesController#home as HTML
  Rendered pages/home.html.erb within layouts/application (1.3ms)
Completed 200 OK in 419ms (Views: 416.1ms | ActiveRecord: 0.0ms)


Started GET "/assets/application.self-e80e8f2318043e8af94dddc2adad5a4f09739a8ebb323b3ab31cd71d45fd9113.css?body=1" for ::1 at 2015-06-04 22:15:13 -0400


Started GET "/assets/jquery.self-d03a5518f45df77341bdbe6201ba3bfa547ebba8ed64f0ea56bfa5f96ea7c074.js?body=1" for ::1 at 2015-06-04 22:15:13 -0400


Started GET "/assets/pages.self-2b4f321367e5f87f45daca20931212270c870663399e3d2c32282aa601390dc4.css?body=1" for ::1 at 2015-06-04 22:15:13 -0400


Started GET "/assets/turbolinks.self-c37727e9bd6b2735da5c311aa83fead54ed0be6cc8bd9a65309e9c5abe2cbfff.js?body=1" for ::1 at 2015-06-04 22:15:13 -0400


Started GET "/assets/jquery_ujs.self-8e98a7a072a6cee1372d19fff9ff3e6aa1e39a37d89d6f06861637d061113ee7.js?body=1" for ::1 at 2015-06-04 22:15:13 -0400


Started GET "/assets/bootstrap.self-2bbd2c0465f01b1f8270958ddfc2e62a08915f295a35d22df2971eb936cf3c64.js?body=1" for ::1 at 2015-06-04 22:15:13 -0400


Started GET "/assets/pages.self-877aef30ae1b040ab8a3aba4e3e309a11d7f2612f44dde450b5c157aa5f95c05.js?body=1" for ::1 at 2015-06-04 22:15:13 -0400


Started GET "/assets/application.self-f8806224e027f3e3f0138ea9ce99319e298dfdb323304d1f1be6eae8e8c74724.js?body=1" for ::1 at 2015-06-04 22:15:13 -0400


Started GET "/" for ::1 at 2015-06-04 22:20:35 -0400
  [1m[36mActiveRecord::SchemaMigration Load (0.6ms)[0m  [1mSELECT "schema_migrations".* FROM "schema_migrations"[0m
Processing by PagesController#home as HTML
  Rendered pages/home.html.erb within layouts/application (16.5ms)
Completed 200 OK in 6055ms (Views: 6025.5ms | ActiveRecord: 0.0ms)


Started GET "/" for ::1 at 2015-06-04 22:20:44 -0400
Processing by PagesController#home as HTML
  Rendered pages/home.html.erb within layouts/application (0.8ms)
Completed 200 OK in 159ms (Views: 157.9ms | ActiveRecord: 0.0ms)


Started GET "/" for ::1 at 2015-06-04 22:21:11 -0400
Processing by PagesController#home as HTML
  Rendered pages/home.html.erb within layouts/application (0.5ms)
Completed 200 OK in 152ms (Views: 148.6ms | ActiveRecord: 0.0ms)


Started GET "/users/sign_in" for ::1 at 2015-06-04 22:21:13 -0400
Processing by Devise::SessionsController#new as HTML
  [1m[35mUser Load (17.2ms)[0m  SELECT  "users".* FROM "users" WHERE "users"."id" = ?  ORDER BY "users"."id" ASC LIMIT 1  [["id", 1]]
Redirected to http://localhost:3000/
Filter chain halted as :require_no_authentication rendered or redirected
Completed 302 Found in 190ms (ActiveRecord: 17.9ms)


Started GET "/" for ::1 at 2015-06-04 22:21:13 -0400
Processing by PagesController#home as HTML
  Rendered pages/home.html.erb within layouts/application (1.2ms)
Completed 200 OK in 150ms (Views: 149.3ms | ActiveRecord: 0.0ms)


Started DELETE "/users/sign_out" for ::1 at 2015-06-04 22:21:16 -0400
Processing by Devise::SessionsController#destroy as HTML
  Parameters: {"authenticity_token"=>"2/Szn0NGzyle6+phZxhf5BWmQK5S7v2kNvIvtfO4MDbTSu1aKv5Sc/rw2Q3Er0iFMnKnivCO9yNZpa/g/sHvzg=="}
  [1m[36mUser Load (0.2ms)[0m  [1mSELECT  "users".* FROM "users" WHERE "users"."id" = ?  ORDER BY "users"."id" ASC LIMIT 1[0m  [["id", 1]]
  [1m[35m (0.2ms)[0m  begin transaction
  [1m[36m (0.5ms)[0m  [1mcommit transaction[0m
Redirected to http://localhost:3000/
Completed 302 Found in 35ms (ActiveRecord: 0.9ms)


Started GET "/" for ::1 at 2015-06-04 22:21:16 -0400
Processing by PagesController#home as HTML
  Rendered pages/home.html.erb within layouts/application (0.5ms)
Completed 200 OK in 134ms (Views: 132.9ms | ActiveRecord: 0.0ms)
  [1m[36mActiveRecord::SchemaMigration Load (16.2ms)[0m  [1mSELECT "schema_migrations".* FROM "schema_migrations"[0m
  [1m[35mActiveRecord::SchemaMigration Load (0.3ms)[0m  SELECT "schema_migrations".* FROM "schema_migrations"
  [1m[36m (0.3ms)[0m  [1m            SELECT sql
            FROM sqlite_master
            WHERE name='index_users_on_reset_password_token' AND type='index'
            UNION ALL
            SELECT sql
            FROM sqlite_temp_master
            WHERE name='index_users_on_reset_password_token' AND type='index'
[0m
  [1m[35m (0.4ms)[0m              SELECT sql
            FROM sqlite_master
            WHERE name='index_users_on_email' AND type='index'
            UNION ALL
            SELECT sql
            FROM sqlite_temp_master
            WHERE name='index_users_on_email' AND type='index'



Started GET "/" for ::1 at 2015-06-04 22:22:55 -0400
  [1m[36mActiveRecord::SchemaMigration Load (0.2ms)[0m  [1mSELECT "schema_migrations".* FROM "schema_migrations"[0m
Processing by PagesController#home as HTML
  Rendered pages/home.html.erb within layouts/application (3.4ms)
Completed 200 OK in 4289ms (Views: 4258.8ms | ActiveRecord: 0.0ms)


Started GET "/" for ::1 at 2015-06-04 22:27:00 -0400
  [1m[36mActiveRecord::SchemaMigration Load (0.3ms)[0m  [1mSELECT "schema_migrations".* FROM "schema_migrations"[0m
Processing by PagesController#home as HTML
  Rendered pages/home.html.erb within layouts/application (81.5ms)
Completed 200 OK in 3239ms (Views: 3191.0ms | ActiveRecord: 0.0ms)


Started GET "/" for ::1 at 2015-06-04 22:30:42 -0400
  [1m[36mActiveRecord::SchemaMigration Load (0.5ms)[0m  [1mSELECT "schema_migrations".* FROM "schema_migrations"[0m
Processing by PagesController#home as HTML
  Rendered pages/home.html.erb within layouts/application (3.5ms)
Completed 200 OK in 1246ms (Views: 1218.2ms | ActiveRecord: 0.0ms)


Started GET "/" for ::1 at 2015-06-04 22:44:26 -0400
  [1m[36mActiveRecord::SchemaMigration Load (1.9ms)[0m  [1mSELECT "schema_migrations".* FROM "schema_migrations"[0m
Processing by PagesController#home as HTML
  Rendered pages/home.html.erb within layouts/application (3.6ms)
Completed 200 OK in 1776ms (Views: 1268.8ms | ActiveRecord: 0.0ms)


Started GET "/" for ::1 at 2015-06-04 22:44:38 -0400
Processing by PagesController#home as HTML
  Rendered pages/home.html.erb within layouts/application (0.9ms)
Completed 200 OK in 163ms (Views: 161.0ms | ActiveRecord: 0.0ms)


Started GET "/" for ::1 at 2015-06-04 22:45:48 -0400
Processing by PagesController#home as HTML
  Rendered pages/home.html.erb within layouts/application (0.8ms)
Completed 200 OK in 406ms (Views: 405.1ms | ActiveRecord: 0.0ms)


Started GET "/" for ::1 at 2015-06-04 22:49:30 -0400
Processing by PagesController#home as HTML
  Rendered pages/home.html.erb within layouts/application (2.1ms)
Completed 200 OK in 402ms (Views: 399.0ms | ActiveRecord: 0.0ms)


Started GET "/" for ::1 at 2015-06-04 22:51:11 -0400
  [1m[36mActiveRecord::SchemaMigration Load (0.5ms)[0m  [1mSELECT "schema_migrations".* FROM "schema_migrations"[0m
Processing by PagesController#home as HTML
  Rendered pages/home.html.erb within layouts/application (4.3ms)
Completed 200 OK in 927ms (Views: 897.5ms | ActiveRecord: 0.0ms)


Started GET "/" for ::1 at 2015-06-04 22:52:55 -0400
Processing by PagesController#home as HTML
  Rendered pages/home.html.erb within layouts/application (2.3ms)
Completed 200 OK in 517ms (Views: 516.2ms | ActiveRecord: 0.0ms)


Started GET "/" for ::1 at 2015-06-04 22:53:32 -0400
Processing by PagesController#home as HTML
  Rendered pages/home.html.erb within layouts/application (1.6ms)
Completed 200 OK in 391ms (Views: 390.0ms | ActiveRecord: 0.0ms)


Started GET "/" for ::1 at 2015-06-04 22:54:04 -0400
Processing by PagesController#home as HTML
  Rendered pages/home.html.erb within layouts/application (1.4ms)
Completed 200 OK in 419ms (Views: 417.7ms | ActiveRecord: 0.0ms)


Started GET "/" for ::1 at 2015-06-04 22:54:18 -0400
Processing by PagesController#home as HTML
  Rendered pages/home.html.erb within layouts/application (1.3ms)
Completed 200 OK in 92ms (Views: 91.4ms | ActiveRecord: 0.0ms)


Started GET "/" for ::1 at 2015-06-04 22:58:35 -0400
Processing by PagesController#home as HTML
  Rendered pages/home.html.erb within layouts/application (7.6ms)
Completed 200 OK in 500ms (Views: 487.9ms | ActiveRecord: 0.0ms)


Started GET "/" for ::1 at 2015-06-04 22:59:35 -0400
Processing by PagesController#home as HTML
  Rendered pages/home.html.erb within layouts/application (1.0ms)
Completed 200 OK in 570ms (Views: 569.7ms | ActiveRecord: 0.0ms)


Started GET "/" for ::1 at 2015-06-04 23:01:25 -0400
Processing by PagesController#home as HTML
  Rendered pages/home.html.erb within layouts/application (0.7ms)
Completed 200 OK in 783ms (Views: 782.1ms | ActiveRecord: 0.0ms)


Started GET "/" for ::1 at 2015-06-04 23:01:55 -0400
Processing by PagesController#home as HTML
  Rendered pages/home.html.erb within layouts/application (1.2ms)
Completed 200 OK in 406ms (Views: 404.5ms | ActiveRecord: 0.0ms)
  [1m[36mActiveRecord::SchemaMigration Load (16.8ms)[0m  [1mSELECT "schema_migrations".* FROM "schema_migrations"[0m
  [1m[35mActiveRecord::SchemaMigration Load (0.1ms)[0m  SELECT "schema_migrations".* FROM "schema_migrations"
  [1m[36m (0.2ms)[0m  [1m            SELECT sql
            FROM sqlite_master
            WHERE name='index_users_on_reset_password_token' AND type='index'
            UNION ALL
            SELECT sql
            FROM sqlite_temp_master
            WHERE name='index_users_on_reset_password_token' AND type='index'
[0m
  [1m[35m (0.1ms)[0m              SELECT sql
            FROM sqlite_master
            WHERE name='index_users_on_email' AND type='index'
            UNION ALL
            SELECT sql
            FROM sqlite_temp_master
            WHERE name='index_users_on_email' AND type='index'



Started GET "/" for ::1 at 2015-06-04 23:05:19 -0400
Processing by PagesController#home as HTML
  Rendered pages/home.html.erb within layouts/application (2.3ms)
Completed 200 OK in 1169ms (Views: 1165.9ms | ActiveRecord: 0.0ms)


Started GET "/" for ::1 at 2015-06-04 23:08:07 -0400
Processing by PagesController#home as HTML
  Rendered pages/home.html.erb within layouts/application (0.9ms)
Completed 200 OK in 658ms (Views: 657.5ms | ActiveRecord: 0.0ms)


Started GET "/" for ::1 at 2015-06-04 23:09:03 -0400
Processing by PagesController#home as HTML
  Rendered pages/home.html.erb within layouts/application (0.7ms)
Completed 200 OK in 3980ms (Views: 3978.8ms | ActiveRecord: 0.0ms)


Started GET "/" for ::1 at 2015-06-04 23:26:19 -0400
Processing by PagesController#home as HTML
  Rendered pages/home.html.erb within layouts/application (0.8ms)
Completed 200 OK in 590ms (Views: 589.0ms | ActiveRecord: 0.0ms)


Started GET "/" for ::1 at 2015-06-04 23:26:38 -0400
Processing by PagesController#home as HTML
  Rendered pages/home.html.erb within layouts/application (0.7ms)
Completed 200 OK in 508ms (Views: 506.4ms | ActiveRecord: 0.0ms)


Started GET "/" for ::1 at 2015-06-04 23:27:34 -0400
Processing by PagesController#home as HTML
  Rendered pages/home.html.erb within layouts/application (0.8ms)
Completed 200 OK in 4212ms (Views: 4210.9ms | ActiveRecord: 0.0ms)


Started GET "/" for ::1 at 2015-06-04 23:31:50 -0400
Processing by PagesController#home as HTML
  Rendered pages/home.html.erb within layouts/application (0.8ms)
Completed 200 OK in 681ms (Views: 679.7ms | ActiveRecord: 0.0ms)


Started GET "/" for ::1 at 2015-06-04 23:36:45 -0400
Processing by PagesController#home as HTML
  Rendered pages/home.html.erb within layouts/application (0.7ms)
Completed 200 OK in 738ms (Views: 736.8ms | ActiveRecord: 0.0ms)


Started GET "/" for ::1 at 2015-06-04 23:39:14 -0400
Processing by PagesController#home as HTML
  Rendered pages/home.html.erb within layouts/application (3.3ms)
Completed 200 OK in 886ms (Views: 870.4ms | ActiveRecord: 0.0ms)


Started GET "/users/sign_in" for ::1 at 2015-06-04 23:40:19 -0400
Processing by Devise::SessionsController#new as HTML
  Rendered devise/shared/_links.html.erb (2.6ms)
  Rendered devise/sessions/new.html.erb within layouts/application (462.0ms)
Completed 200 OK in 1066ms (Views: 1007.5ms | ActiveRecord: 1.7ms)


Started GET "/users/sign_in" for ::1 at 2015-06-04 23:46:07 -0400
Processing by Devise::SessionsController#new as HTML
  Rendered devise/shared/_links.html.erb (1.0ms)
  Rendered devise/sessions/new.html.erb within layouts/application (26.9ms)
Completed 200 OK in 612ms (Views: 608.0ms | ActiveRecord: 0.0ms)


Started GET "/users/sign_in" for ::1 at 2015-06-04 23:47:05 -0400
Processing by Devise::SessionsController#new as HTML
  Rendered devise/shared/_links.html.erb (1.3ms)
  Rendered devise/sessions/new.html.erb within layouts/application (27.3ms)
Completed 200 OK in 4859ms (Views: 4852.1ms | ActiveRecord: 0.0ms)


Started GET "/users/sign_in" for ::1 at 2015-06-04 23:47:54 -0400
Processing by Devise::SessionsController#new as HTML
  Rendered devise/shared/_links.html.erb (0.9ms)
  Rendered devise/sessions/new.html.erb within layouts/application (26.7ms)
Completed 200 OK in 4444ms (Views: 4440.0ms | ActiveRecord: 0.0ms)


Started GET "/users/sign_in" for ::1 at 2015-06-04 23:48:16 -0400
Processing by Devise::SessionsController#new as HTML
  Rendered devise/shared/_links.html.erb (0.7ms)
  Rendered devise/sessions/new.html.erb within layouts/application (26.4ms)
Completed 200 OK in 4375ms (Views: 4373.7ms | ActiveRecord: 0.0ms)


Started GET "/users/sign_in" for ::1 at 2015-06-04 23:48:41 -0400
Processing by Devise::SessionsController#new as HTML
  Rendered devise/shared/_links.html.erb (0.8ms)
  Rendered devise/sessions/new.html.erb within layouts/application (15.5ms)
Completed 200 OK in 3784ms (Views: 3782.8ms | ActiveRecord: 0.0ms)


Started GET "/users/sign_in" for ::1 at 2015-06-04 23:49:06 -0400
Processing by Devise::SessionsController#new as HTML
  Rendered devise/shared/_links.html.erb (0.6ms)
  Rendered devise/sessions/new.html.erb within layouts/application (26.1ms)
Completed 200 OK in 4407ms (Views: 4405.5ms | ActiveRecord: 0.0ms)


Started GET "/users/sign_in" for ::1 at 2015-06-04 23:49:30 -0400
Processing by Devise::SessionsController#new as HTML
  Rendered devise/shared/_links.html.erb (0.5ms)
  Rendered devise/sessions/new.html.erb within layouts/application (7.3ms)
Completed 200 OK in 4187ms (Views: 4185.7ms | ActiveRecord: 0.0ms)


Started GET "/users/sign_in" for ::1 at 2015-06-04 23:50:01 -0400
Processing by Devise::SessionsController#new as HTML
  Rendered devise/shared/_links.html.erb (1.3ms)
  Rendered devise/sessions/new.html.erb within layouts/application (27.0ms)
Completed 200 OK in 4851ms (Views: 4849.3ms | ActiveRecord: 0.0ms)


Started GET "/users/sign_in" for ::1 at 2015-06-04 23:50:15 -0400
Processing by Devise::SessionsController#new as HTML
  Rendered devise/shared/_links.html.erb (0.5ms)
  Rendered devise/sessions/new.html.erb within layouts/application (15.2ms)
Completed 200 OK in 3981ms (Views: 3978.9ms | ActiveRecord: 0.0ms)


Started GET "/users/sign_in" for ::1 at 2015-06-04 23:50:27 -0400
Processing by Devise::SessionsController#new as HTML
  Rendered devise/shared/_links.html.erb (0.6ms)
  Rendered devise/sessions/new.html.erb within layouts/application (15.2ms)
Completed 200 OK in 3624ms (Views: 3623.1ms | ActiveRecord: 0.0ms)
